# JRE version: OpenJDK Runtime Environment (11.0.13) (build 11.0.13+0-b1751.21-8125866)
# Java VM: OpenJDK 64-Bit Server VM (11.0.13+0-b1751.21-8125866, mixed mode, tiered, compressed oops, g1 gc, windows-amd64)
Heap:
 garbage-first heap   total 300032K, used 244720K [0x0000000080000000, 0x0000000100000000)
  region size 1024K, 62 young (63488K), 9 survivors (9216K)
 Metaspace       used 134507K, capacity 139857K, committed 140200K, reserved 1171456K
  class space    used 16252K, capacity 18169K, committed 18392K, reserved 1048576K
GC Heap History (20 events):
Event: 8690.667 GC heap before
{Heap before GC invocations=544 (full 0):
 garbage-first heap   total 300032K, used 161529K [0x0000000080000000, 0x0000000100000000)
  region size 1024K, 14 young (14336K), 2 survivors (2048K)
 Metaspace       used 133527K, capacity 138711K, committed 139304K, reserved 1171456K
  class space    used 16109K, capacity 17959K, committed 18264K, reserved 1048576K
}
Event: 8690.679 GC heap after
{Heap after GC invocations=545 (full 0):
 garbage-first heap   total 300032K, used 110309K [0x0000000080000000, 0x0000000100000000)
  region size 1024K, 1 young (1024K), 1 survivors (1024K)
 Metaspace       used 133527K, capacity 138711K, committed 139304K, reserved 1171456K
  class space    used 16109K, capacity 17959K, committed 18264K, reserved 1048576K
}
Event: 8692.036 GC heap before
{Heap before GC invocations=545 (full 0):
 garbage-first heap   total 300032K, used 245477K [0x0000000080000000, 0x0000000100000000)
  region size 1024K, 134 young (137216K), 1 survivors (1024K)
 Metaspace       used 133699K, capacity 139055K, committed 139432K, reserved 1171456K
  class space    used 16155K, capacity 18059K, committed 18392K, reserved 1048576K
}
Event: 8692.050 GC heap after
{Heap after GC invocations=546 (full 0):
 garbage-first heap   total 300032K, used 117377K [0x0000000080000000, 0x0000000100000000)
  region size 1024K, 8 young (8192K), 8 survivors (8192K)
 Metaspace       used 133699K, capacity 139055K, committed 139432K, reserved 1171456K
  class space    used 16155K, capacity 18059K, committed 18392K, reserved 1048576K
}
Event: 8692.569 GC heap before
{Heap before GC invocations=547 (full 0):
 garbage-first heap   total 300032K, used 248449K [0x0000000080000000, 0x0000000100000000)
  region size 1024K, 136 young (139264K), 8 survivors (8192K)
 Metaspace       used 133704K, capacity 139055K, committed 139432K, reserved 1171456K
  class space    used 16155K, capacity 18059K, committed 18392K, reserved 1048576K
}
Event: 8692.575 GC heap after
{Heap after GC invocations=548 (full 0):
 garbage-first heap   total 300032K, used 117935K [0x0000000080000000, 0x0000000100000000)
  region size 1024K, 9 young (9216K), 9 survivors (9216K)
 Metaspace       used 133704K, capacity 139055K, committed 139432K, reserved 1171456K
  class space    used 16155K, capacity 18059K, committed 18392K, reserved 1048576K
}
Event: 8692.595 GC heap before
{Heap before GC invocations=548 (full 0):
 garbage-first heap   total 300032K, used 123055K [0x0000000080000000, 0x0000000100000000)
  region size 1024K, 14 young (14336K), 9 survivors (9216K)
 Metaspace       used 133704K, capacity 139055K, committed 139432K, reserved 1171456K
  class space    used 16155K, capacity 18059K, committed 18392K, reserved 1048576K
}
Event: 8692.605 GC heap after
{Heap after GC invocations=549 (full 0):
 garbage-first heap   total 300032K, used 117339K [0x0000000080000000, 0x0000000100000000)
  region size 1024K, 2 young (2048K), 2 survivors (2048K)
 Metaspace       used 133704K, capacity 139055K, committed 139432K, reserved 1171456K
  class space    used 16155K, capacity 18059K, committed 18392K, reserved 1048576K
}
Event: 8692.669 GC heap before
{Heap before GC invocations=549 (full 0):
 garbage-first heap   total 300032K, used 126555K [0x0000000080000000, 0x0000000100000000)
  region size 1024K, 12 young (12288K), 2 survivors (2048K)
 Metaspace       used 133713K, capacity 139055K, committed 139432K, reserved 1171456K
  class space    used 16156K, capacity 18059K, committed 18392K, reserved 1048576K
}
Event: 8692.675 GC heap after
{Heap after GC invocations=550 (full 0):
 garbage-first heap   total 300032K, used 116659K [0x0000000080000000, 0x0000000100000000)
  region size 1024K, 1 young (1024K), 1 survivors (1024K)
 Metaspace       used 133713K, capacity 139055K, committed 139432K, reserved 1171456K
  class space    used 16156K, capacity 18059K, committed 18392K, reserved 1048576K
}
Event: 8693.116 GC heap before
{Heap before GC invocations=551 (full 0):
 garbage-first heap   total 300032K, used 251827K [0x0000000080000000, 0x0000000100000000)
  region size 1024K, 132 young (135168K), 1 survivors (1024K)
 Metaspace       used 133625K, capacity 138914K, committed 139432K, reserved 1171456K
  class space    used 16127K, capacity 18005K, committed 18392K, reserved 1048576K
}
Event: 8693.120 GC heap after
{Heap after GC invocations=552 (full 0):
 garbage-first heap   total 300032K, used 119695K [0x0000000080000000, 0x0000000100000000)
  region size 1024K, 3 young (3072K), 3 survivors (3072K)
 Metaspace       used 133625K, capacity 138914K, committed 139432K, reserved 1171456K
  class space    used 16127K, capacity 18005K, committed 18392K, reserved 1048576K
}
Event: 8693.330 GC heap before
{Heap before GC invocations=552 (full 0):
 garbage-first heap   total 300032K, used 130959K [0x0000000080000000, 0x0000000100000000)
  region size 1024K, 14 young (14336K), 3 survivors (3072K)
 Metaspace       used 133638K, capacity 138917K, committed 139432K, reserved 1171456K
  class space    used 16128K, capacity 18006K, committed 18392K, reserved 1048576K
}
Event: 8693.335 GC heap after
{Heap after GC invocations=553 (full 0):
 garbage-first heap   total 300032K, used 108603K [0x0000000080000000, 0x0000000100000000)
  region size 1024K, 1 young (1024K), 1 survivors (1024K)
 Metaspace       used 133638K, capacity 138917K, committed 139432K, reserved 1171456K
  class space    used 16128K, capacity 18006K, committed 18392K, reserved 1048576K
}
Event: 8693.755 GC heap before
{Heap before GC invocations=553 (full 0):
 garbage-first heap   total 300032K, used 247867K [0x0000000080000000, 0x0000000100000000)
  region size 1024K, 137 young (140288K), 1 survivors (1024K)
 Metaspace       used 133638K, capacity 138917K, committed 139432K, reserved 1171456K
  class space    used 16128K, capacity 18006K, committed 18392K, reserved 1048576K
}
Event: 8693.758 GC heap after
{Heap after GC invocations=554 (full 0):
 garbage-first heap   total 300032K, used 108427K [0x0000000080000000, 0x0000000100000000)
  region size 1024K, 1 young (1024K), 1 survivors (1024K)
 Metaspace       used 133638K, capacity 138917K, committed 139432K, reserved 1171456K
  class space    used 16128K, capacity 18006K, committed 18392K, reserved 1048576K
}
Event: 8694.034 GC heap before
{Heap before GC invocations=555 (full 0):
 garbage-first heap   total 300032K, used 257931K [0x0000000080000000, 0x0000000100000000)
  region size 1024K, 142 young (145408K), 1 survivors (1024K)
 Metaspace       used 133670K, capacity 138941K, committed 139432K, reserved 1171456K
  class space    used 16132K, capacity 18012K, committed 18392K, reserved 1048576K
}
Event: 8694.070 GC heap after
{Heap after GC invocations=556 (full 0):
 garbage-first heap   total 300032K, used 128947K [0x0000000080000000, 0x0000000100000000)
  region size 1024K, 18 young (18432K), 18 survivors (18432K)
 Metaspace       used 133670K, capacity 138941K, committed 139432K, reserved 1171456K
  class space    used 16132K, capacity 18012K, committed 18392K, reserved 1048576K
}
Event: 8695.194 GC heap before
{Heap before GC invocations=556 (full 0):
 garbage-first heap   total 300032K, used 245683K [0x0000000080000000, 0x0000000100000000)
  region size 1024K, 133 young (136192K), 18 survivors (18432K)
 Metaspace       used 133891K, capacity 139222K, committed 139688K, reserved 1171456K
  class space    used 16183K, capacity 18083K, committed 18392K, reserved 1048576K
}
Event: 8695.250 GC heap after
{Heap after GC invocations=557 (full 0):
 garbage-first heap   total 300032K, used 159838K [0x0000000080000000, 0x0000000100000000)
  region size 1024K, 17 young (17408K), 17 survivors (17408K)
 Metaspace       used 133891K, capacity 139222K, committed 139688K, reserved 1171456K
  class space    used 16183K, capacity 18083K, committed 18392K, reserved 1048576K
}

